{"$message_type":"diagnostic","message":"linking with `cc` failed: exit status: 1","code":null,"level":"error","spans":[],"children":[{"message":" \"cc\" \"/var/folders/vx/_xxfn0z95bv7qmfgb3nx6z700000gn/T/rustcfnjRU9/symbols.o\" \"<11 object files omitted>\" \"<sysroot>/lib/rustlib/aarch64-apple-darwin/lib/{libtest-*,libgetopts-*,libunicode_width-*,librustc_std_workspace_std-*}.rlib\" \"/Users/rand/src/topos/target/debug/deps/{libtree_sitter-cf56beef47d371d2.rlib,libregex-92caa2b76d588682.rlib,libregex_automata-e4f4c730d8f3f8db.rlib,libaho_corasick-72ca899cbc9332a7.rlib,libmemchr-b4ef7c7dc3121de9.rlib,libregex_syntax-54e47a29719e1fc8.rlib,libtree_sitter_language-76f72a17a5734d11.rlib,libstreaming_iterator-77395f4c78b2cab7.rlib}.rlib\" \"<sysroot>/lib/rustlib/aarch64-apple-darwin/lib/{libstd-*,libpanic_unwind-*,libobject-*,libmemchr-*,libaddr2line-*,libgimli-*,librustc_demangle-*,libstd_detect-*,libhashbrown-*,librustc_std_workspace_alloc-*,libminiz_oxide-*,libadler2-*,libunwind-*,libcfg_if-*,liblibc-*,librustc_std_workspace_core-*,liballoc-*,libcore-*,libcompiler_builtins-*}.rlib\" \"-lSystem\" \"-lc\" \"-lm\" \"-arch\" \"arm64\" \"-mmacosx-version-min=11.0.0\" \"-L\" \"/Users/rand/src/topos/target/debug/build/tree-sitter-18809805a4384a08/out\" \"-o\" \"/Users/rand/src/topos/target/debug/deps/tree_sitter_topos-51c1c7e92f159bfb\" \"-Wl,-dead_strip\" \"-nodefaultlibs\"","code":null,"level":"note","spans":[],"children":[],"rendered":null},{"message":"some arguments are omitted. use `--verbose` to show all linker arguments","code":null,"level":"note","spans":[],"children":[],"rendered":null},{"message":"ld: warning: object file (/Users/rand/src/topos/target/debug/deps/libtree_sitter-cf56beef47d371d2.rlib[7](98490c8781b409d2-lib.o)) was built for newer 'macOS' version (26.1) than being linked (11.0)\nUndefined symbols for architecture arm64:\n  \"_tree_sitter_topos\", referenced from:\n      tree_sitter_topos::language::h452f17a42cfe4203 in tree_sitter_topos-51c1c7e92f159bfb.ejzycgo6xob0m1luydyl8o8it.17scf4r.rcgu.o\nld: symbol(s) not found for architecture arm64\nclang: error: linker command failed with exit code 1 (use -v to see invocation)\n","code":null,"level":"note","spans":[],"children":[],"rendered":null}],"rendered":"\u001b[0m\u001b[1m\u001b[38;5;9merror\u001b[0m\u001b[0m\u001b[1m: linking with `cc` failed: exit status: 1\u001b[0m\n\u001b[0m  \u001b[0m\u001b[0m\u001b[1m\u001b[38;5;12m|\u001b[0m\n\u001b[0m  \u001b[0m\u001b[0m\u001b[1m\u001b[38;5;12m= \u001b[0m\u001b[0m\u001b[1mnote\u001b[0m\u001b[0m:  \"cc\" \"/var/folders/vx/_xxfn0z95bv7qmfgb3nx6z700000gn/T/rustcfnjRU9/symbols.o\" \"<11 object files omitted>\" \"<sysroot>/lib/rustlib/aarch64-apple-darwin/lib/{libtest-*,libgetopts-*,libunicode_width-*,librustc_std_workspace_std-*}.rlib\" \"/Users/rand/src/topos/target/debug/deps/{libtree_sitter-cf56beef47d371d2.rlib,libregex-92caa2b76d588682.rlib,libregex_automata-e4f4c730d8f3f8db.rlib,libaho_corasick-72ca899cbc9332a7.rlib,libmemchr-b4ef7c7dc3121de9.rlib,libregex_syntax-54e47a29719e1fc8.rlib,libtree_sitter_language-76f72a17a5734d11.rlib,libstreaming_iterator-77395f4c78b2cab7.rlib}.rlib\" \"<sysroot>/lib/rustlib/aarch64-apple-darwin/lib/{libstd-*,libpanic_unwind-*,libobject-*,libmemchr-*,libaddr2line-*,libgimli-*,librustc_demangle-*,libstd_detect-*,libhashbrown-*,librustc_std_workspace_alloc-*,libminiz_oxide-*,libadler2-*,libunwind-*,libcfg_if-*,liblibc-*,librustc_std_workspace_core-*,liballoc-*,libcore-*,libcompiler_builtins-*}.rlib\" \"-lSystem\" \"-lc\" \"-lm\" \"-arch\" \"arm64\" \"-mmacosx-version-min=11.0.0\" \"-L\" \"/Users/rand/src/topos/target/debug/build/tree-sitter-18809805a4384a08/out\" \"-o\" \"/Users/rand/src/topos/target/debug/deps/tree_sitter_topos-51c1c7e92f159bfb\" \"-Wl,-dead_strip\" \"-nodefaultlibs\"\u001b[0m\n\u001b[0m  \u001b[0m\u001b[0m\u001b[1m\u001b[38;5;12m= \u001b[0m\u001b[0m\u001b[1mnote\u001b[0m\u001b[0m: some arguments are omitted. use `--verbose` to show all linker arguments\u001b[0m\n\u001b[0m  \u001b[0m\u001b[0m\u001b[1m\u001b[38;5;12m= \u001b[0m\u001b[0m\u001b[1mnote\u001b[0m\u001b[0m: ld: warning: object file (/Users/rand/src/topos/target/debug/deps/libtree_sitter-cf56beef47d371d2.rlib[7](98490c8781b409d2-lib.o)) was built for newer 'macOS' version (26.1) than being linked (11.0)\u001b[0m\n\u001b[0m          Undefined symbols for architecture arm64:\u001b[0m\n\u001b[0m            \"_tree_sitter_topos\", referenced from:\u001b[0m\n\u001b[0m                tree_sitter_topos::language::h452f17a42cfe4203 in tree_sitter_topos-51c1c7e92f159bfb.ejzycgo6xob0m1luydyl8o8it.17scf4r.rcgu.o\u001b[0m\n\u001b[0m          ld: symbol(s) not found for architecture arm64\u001b[0m\n\u001b[0m          clang: error: linker command failed with exit code 1 (use -v to see invocation)\u001b[0m\n\u001b[0m          \u001b[0m\n\n"}
{"$message_type":"diagnostic","message":"aborting due to 1 previous error","code":null,"level":"error","spans":[],"children":[],"rendered":"\u001b[0m\u001b[1m\u001b[38;5;9merror\u001b[0m\u001b[0m\u001b[1m: aborting due to 1 previous error\u001b[0m\n\n"}
